<?xml version="1.0" encoding="UTF-8"?>
<!-- Generated by org.testng.reporters.JUnitReportReporter -->
<testsuite skipped="0" hostname="DESKTOP-KQHR363" name="hybridframeworktestcases.LoginTestCRM" tests="1" failures="0" timestamp="2021-02-05T14:21:21 IST" time="3.864" errors="0">
  <testcase name="LoginApp" time="3.864" classname="hybridframeworktestcases.LoginTestCRM"/>
  <system-out/>
</testsuite> <!-- hybridframeworktestcases.LoginTestCRM -->
